{
  "RSpec": {
    "coverage": {
      "/Developer/Projects/LAB-XP/pop/app/models/acao_tipo.rb": [
        null,
        1,
        null,
        null,
        1,
        1,
        1,
        null,
        1,
        0,
        null,
        null,
        1,
        1,
        null,
        null,
        1,
        1,
        null,
        null,
        null
      ],
      "/Developer/Projects/LAB-XP/pop/app/models/tema.rb": [
        null,
        1,
        null,
        null
      ],
      "/Developer/Projects/LAB-XP/pop/app/models/user.rb": [
        null,
        1,
        null,
        null,
        null,
        1,
        null,
        null,
        1,
        null,
        1,
        1,
        1,
        1,
        null,
        1,
        0,
        0,
        null,
        null,
        1,
        0,
        null,
        null,
        1,
        0,
        0,
        null,
        null
      ],
      "/Developer/Projects/LAB-XP/pop/app/helpers/application_helper.rb": [
        null,
        1,
        null
      ],
      "/Developer/Projects/LAB-XP/pop/app/helpers/interface_helper.rb": [
        null,
        1,
        null
      ],
      "/Developer/Projects/LAB-XP/pop/app/helpers/propostas_helper.rb": [
        null,
        1,
        null
      ],
      "/Developer/Projects/LAB-XP/pop/app/helpers/static_helper.rb": [
        null,
        1,
        null
      ],
      "/Developer/Projects/LAB-XP/pop/app/helpers/static_pages_helper.rb": [
        null,
        1,
        null
      ],
      "/Developer/Projects/LAB-XP/pop/app/helpers/vetos_helper.rb": [
        1,
        null
      ],
      "/Developer/Projects/LAB-XP/pop/app/controllers/propostas_controller.rb": [
        null,
        1,
        null,
        1,
        1,
        null,
        null,
        1,
        0,
        0,
        0,
        null,
        0,
        0,
        null,
        null,
        null,
        1,
        1,
        1,
        1,
        1,
        1,
        1,
        1,
        null,
        0,
        0,
        null,
        null,
        null,
        null,
        1,
        0,
        0,
        0,
        0,
        0,
        0,
        null,
        0,
        0,
        0,
        null,
        null,
        null,
        1,
        null,
        null,
        null,
        null,
        1,
        1,
        null,
        null,
        null,
        null,
        1,
        1,
        null,
        null,
        null,
        null,
        null,
        null,
        null,
        null
      ],
      "/Developer/Projects/LAB-XP/pop/app/controllers/application_controller.rb": [
        null,
        1,
        null,
        null,
        1,
        1,
        1,
        null,
        1,
        null,
        1,
        0,
        null,
        null,
        null
      ],
      "/Developer/Projects/LAB-XP/pop/app/controllers/users/registrations_controller.rb": [
        null,
        1,
        null,
        null,
        1,
        0,
        0,
        null,
        0,
        0,
        null,
        0,
        0,
        0,
        null,
        0,
        null,
        null,
        null,
        null,
        null,
        null
      ],
      "/Developer/Projects/LAB-XP/pop/app/controllers/vetos_controller.rb": [
        1,
        1,
        0,
        0,
        null,
        null,
        1,
        1,
        1,
        1,
        1,
        1,
        1,
        1,
        null,
        0,
        0,
        null,
        null,
        null,
        1,
        2,
        null,
        2,
        1,
        null,
        null,
        null,
        1,
        1,
        1,
        null,
        null,
        1,
        1,
        null,
        null,
        null,
        null,
        null,
        null
      ],
      "/Developer/Projects/LAB-XP/pop/app/models/proposta.rb": [
        null,
        1,
        1,
        1,
        1,
        1,
        1,
        null,
        1,
        1,
        null,
        1,
        null,
        1,
        1,
        null,
        null
      ],
      "/Developer/Projects/LAB-XP/pop/app/models/veto.rb": [
        1,
        1,
        1,
        null,
        1,
        1,
        1,
        null
      ],
      "/Developer/Projects/LAB-XP/pop/app/models/sub_prefeitura.rb": [
        null,
        1,
        1,
        1,
        null,
        1,
        0,
        null,
        null,
        1,
        0,
        null,
        null,
        null
      ],
      "/Developer/Projects/LAB-XP/pop/app/models/forum.rb": [
        null,
        1,
        1,
        null
      ],
      "/Developer/Projects/LAB-XP/pop/app/models/acao.rb": [
        null,
        1,
        1,
        1,
        1,
        null,
        1,
        null,
        1,
        0,
        0,
        null,
        null,
        null,
        1,
        2,
        null,
        null,
        null,
        null,
        null,
        null,
        null
      ],
      "/Developer/Projects/LAB-XP/pop/app/models/voto.rb": [
        null,
        1,
        1,
        1,
        null
      ]
    },
    "timestamp": 1432340071
  }
}
